# JRE version: Java(TM) SE Runtime Environment (21.0.10+8) (build 21.0.10+8-LTS-217)
# Java VM: Java HotSpot(TM) 64-Bit Server VM (21.0.10+8-LTS-217, mixed mode, emulated-client, sharing, tiered, compressed oops, compressed class ptrs, g1 gc, windows-amd64)
GC Precious Log:
 CardTable entry size: 512
 Card Set container configuration: InlinePtr #cards 4 size 8 Array Of Cards #cards 16 size 48 Howl #buckets 8 coarsen threshold 3686 Howl Bitmap #cards 512 size 80 coarsen threshold 460 Card regions per heap region 1 cards per card region 4096
 CPUs: 8 total, 8 available
 Memory: 15927M
 Large Page Support: Disabled
 NUMA Support: Disabled
 Compressed Oops: Enabled (Zero based)
 Heap Region Size: 2M
 Heap Min Capacity: 8M
 Heap Initial Capacity: 250M
 Heap Max Capacity: 3982M
 Pre-touch: Disabled
 Parallel Workers: 8
 Concurrent Workers: 2
 Concurrent Refinement Workers: 8
 Periodic GC: Disabled
Heap:
 garbage-first heap   total 92160K, used 61701K [0x0000000707200000, 0x0000000800000000)
  region size 2048K, 16 young (32768K), 3 survivors (6144K)
 Metaspace       used 84668K, committed 85824K, reserved 1179648K
  class space    used 11409K, committed 11904K, reserved 1048576K
GC Heap History (20 events):
Event: 7173.309 GC heap after
{Heap after GC invocations=108 (full 29):
 garbage-first heap   total 92160K, used 31056K [0x0000000707200000, 0x0000000800000000)
  region size 2048K, 0 young (0K), 0 survivors (0K)
 Metaspace       used 83544K, committed 84608K, reserved 1179648K
  class space    used 11309K, committed 11776K, reserved 1048576K
}
Event: 7173.815 GC heap before
{Heap before GC invocations=108 (full 29):
 garbage-first heap   total 92160K, used 74064K [0x0000000707200000, 0x0000000800000000)
  region size 2048K, 22 young (45056K), 0 survivors (0K)
 Metaspace       used 83624K, committed 84672K, reserved 1179648K
  class space    used 11318K, committed 11776K, reserved 1048576K
}
Event: 7173.818 GC heap after
{Heap after GC invocations=109 (full 29):
 garbage-first heap   total 92160K, used 35249K [0x0000000707200000, 0x0000000800000000)
  region size 2048K, 3 young (6144K), 3 survivors (6144K)
 Metaspace       used 83624K, committed 84672K, reserved 1179648K
  class space    used 11318K, committed 11776K, reserved 1048576K
}
Event: 7226.353 GC heap before
{Heap before GC invocations=110 (full 29):
 garbage-first heap   total 92160K, used 59825K [0x0000000707200000, 0x0000000800000000)
  region size 2048K, 16 young (32768K), 3 survivors (6144K)
 Metaspace       used 83788K, committed 84864K, reserved 1179648K
  class space    used 11332K, committed 11840K, reserved 1048576K
}
Event: 7226.420 GC heap after
{Heap after GC invocations=111 (full 30):
 garbage-first heap   total 92160K, used 32916K [0x0000000707200000, 0x0000000800000000)
  region size 2048K, 0 young (0K), 0 survivors (0K)
 Metaspace       used 83783K, committed 84864K, reserved 1179648K
  class space    used 11332K, committed 11840K, reserved 1048576K
}
Event: 7227.036 GC heap before
{Heap before GC invocations=111 (full 30):
 garbage-first heap   total 92160K, used 75924K [0x0000000707200000, 0x0000000800000000)
  region size 2048K, 22 young (45056K), 0 survivors (0K)
 Metaspace       used 83863K, committed 84928K, reserved 1179648K
  class space    used 11340K, committed 11840K, reserved 1048576K
}
Event: 7227.040 GC heap after
{Heap after GC invocations=112 (full 30):
 garbage-first heap   total 92160K, used 37303K [0x0000000707200000, 0x0000000800000000)
  region size 2048K, 3 young (6144K), 3 survivors (6144K)
 Metaspace       used 83863K, committed 84928K, reserved 1179648K
  class space    used 11340K, committed 11840K, reserved 1048576K
}
Event: 7238.979 GC heap before
{Heap before GC invocations=113 (full 30):
 garbage-first heap   total 92160K, used 57783K [0x0000000707200000, 0x0000000800000000)
  region size 2048K, 14 young (28672K), 3 survivors (6144K)
 Metaspace       used 83955K, committed 85056K, reserved 1179648K
  class space    used 11339K, committed 11840K, reserved 1048576K
}
Event: 7239.046 GC heap after
{Heap after GC invocations=114 (full 31):
 garbage-first heap   total 92160K, used 30925K [0x0000000707200000, 0x0000000800000000)
  region size 2048K, 0 young (0K), 0 survivors (0K)
 Metaspace       used 83950K, committed 85056K, reserved 1179648K
  class space    used 11338K, committed 11840K, reserved 1048576K
}
Event: 7239.680 GC heap before
{Heap before GC invocations=114 (full 31):
 garbage-first heap   total 92160K, used 73933K [0x0000000707200000, 0x0000000800000000)
  region size 2048K, 22 young (45056K), 0 survivors (0K)
 Metaspace       used 84034K, committed 85120K, reserved 1179648K
  class space    used 11348K, committed 11840K, reserved 1048576K
}
Event: 7239.685 GC heap after
{Heap after GC invocations=115 (full 31):
 garbage-first heap   total 92160K, used 35119K [0x0000000707200000, 0x0000000800000000)
  region size 2048K, 3 young (6144K), 3 survivors (6144K)
 Metaspace       used 84034K, committed 85120K, reserved 1179648K
  class space    used 11348K, committed 11840K, reserved 1048576K
}
Event: 7306.770 GC heap before
{Heap before GC invocations=116 (full 31):
 garbage-first heap   total 92160K, used 65839K [0x0000000707200000, 0x0000000800000000)
  region size 2048K, 19 young (38912K), 3 survivors (6144K)
 Metaspace       used 84212K, committed 85312K, reserved 1179648K
  class space    used 11367K, committed 11840K, reserved 1048576K
}
Event: 7306.860 GC heap after
{Heap after GC invocations=117 (full 32):
 garbage-first heap   total 92160K, used 32997K [0x0000000707200000, 0x0000000800000000)
  region size 2048K, 0 young (0K), 0 survivors (0K)
 Metaspace       used 84208K, committed 85312K, reserved 1179648K
  class space    used 11367K, committed 11840K, reserved 1048576K
}
Event: 7307.757 GC heap before
{Heap before GC invocations=117 (full 32):
 garbage-first heap   total 92160K, used 76005K [0x0000000707200000, 0x0000000800000000)
  region size 2048K, 22 young (45056K), 0 survivors (0K)
 Metaspace       used 84289K, committed 85440K, reserved 1179648K
  class space    used 11376K, committed 11904K, reserved 1048576K
}
Event: 7307.768 GC heap after
{Heap after GC invocations=118 (full 32):
 garbage-first heap   total 92160K, used 37093K [0x0000000707200000, 0x0000000800000000)
  region size 2048K, 2 young (4096K), 2 survivors (4096K)
 Metaspace       used 84289K, committed 85440K, reserved 1179648K
  class space    used 11376K, committed 11904K, reserved 1048576K
}
Event: 7319.875 GC heap before
{Heap before GC invocations=119 (full 32):
 garbage-first heap   total 92160K, used 59621K [0x0000000707200000, 0x0000000800000000)
  region size 2048K, 15 young (30720K), 2 survivors (4096K)
 Metaspace       used 84452K, committed 85568K, reserved 1179648K
  class space    used 11391K, committed 11904K, reserved 1048576K
}
Event: 7319.949 GC heap after
{Heap after GC invocations=120 (full 33):
 garbage-first heap   total 92160K, used 32935K [0x0000000707200000, 0x0000000800000000)
  region size 2048K, 0 young (0K), 0 survivors (0K)
 Metaspace       used 84445K, committed 85568K, reserved 1179648K
  class space    used 11390K, committed 11904K, reserved 1048576K
}
Event: 7320.736 GC heap before
{Heap before GC invocations=120 (full 33):
 garbage-first heap   total 92160K, used 75943K [0x0000000707200000, 0x0000000800000000)
  region size 2048K, 22 young (45056K), 0 survivors (0K)
 Metaspace       used 84526K, committed 85632K, reserved 1179648K
  class space    used 11399K, committed 11904K, reserved 1048576K
}
Event: 7320.739 GC heap after
{Heap after GC invocations=121 (full 33):
 garbage-first heap   total 92160K, used 37125K [0x0000000707200000, 0x0000000800000000)
  region size 2048K, 3 young (6144K), 3 survivors (6144K)
 Metaspace       used 84526K, committed 85632K, reserved 1179648K
  class space    used 11399K, committed 11904K, reserved 1048576K
}
Event: 7384.087 GC heap before
{Heap before GC invocations=122 (full 33):
 garbage-first heap   total 92160K, used 61701K [0x0000000707200000, 0x0000000800000000)
  region size 2048K, 16 young (32768K), 3 survivors (6144K)
 Metaspace       used 84668K, committed 85824K, reserved 1179648K
  class space    used 11409K, committed 11904K, reserved 1048576K
}

